{"/Users/kcb/workspace/autoflip/release-notes.js": {"path":"/Users/kcb/workspace/autoflip/release-notes.js","statementMap":{},"fnMap":{},"branchMap":{},"s":{},"f":{},"b":{},"_coverageSchema":"1a1c01bbd47fc00a2c39e90264f33305004495a9","hash":"42c7f6b8569963fca755c7043751f4fa2acf9cca"}
,"/Users/kcb/workspace/autoflip/src/constants/index.js": {"path":"/Users/kcb/workspace/autoflip/src/constants/index.js","statementMap":{"0":{"start":{"line":1,"column":26},"end":{"line":15,"column":1}}},"fnMap":{},"branchMap":{},"s":{"0":1},"f":{},"b":{},"_coverageSchema":"1a1c01bbd47fc00a2c39e90264f33305004495a9","hash":"5da6dac50bd8a0070e6ef06ba3f89b5fe80bd1cc"}
,"/Users/kcb/workspace/autoflip/src/services/clickup.js": {"path":"/Users/kcb/workspace/autoflip/src/services/clickup.js","statementMap":{"0":{"start":{"line":5,"column":0},"end":{"line":5,"column":16}},"1":{"start":{"line":6,"column":33},"end":{"line":6,"column":44}},"2":{"start":{"line":7,"column":15},"end":{"line":7,"column":49}},"3":{"start":{"line":9,"column":27},"end":{"line":16,"column":1}},"4":{"start":{"line":10,"column":4},"end":{"line":15,"column":5}},"5":{"start":{"line":11,"column":25},"end":{"line":11,"column":49}},"6":{"start":{"line":12,"column":8},"end":{"line":12,"column":36}},"7":{"start":{"line":14,"column":8},"end":{"line":14,"column":57}}},"fnMap":{"0":{"name":"(anonymous_0)","decl":{"start":{"line":9,"column":27},"end":{"line":9,"column":28}},"loc":{"start":{"line":9,"column":41},"end":{"line":16,"column":1}},"line":9}},"branchMap":{},"s":{"0":1,"1":1,"2":1,"3":1,"4":1,"5":1,"6":1,"7":0},"f":{"0":1},"b":{},"_coverageSchema":"1a1c01bbd47fc00a2c39e90264f33305004495a9","hash":"ec619b54d8a9f2e1540008ac1afd1cb38ef70539"}
,"/Users/kcb/workspace/autoflip/src/utils/message-utils.js": {"path":"/Users/kcb/workspace/autoflip/src/utils/message-utils.js","statementMap":{"0":{"start":{"line":5,"column":28},"end":{"line":5,"column":82}},"1":{"start":{"line":6,"column":29},"end":{"line":6,"column":84}},"2":{"start":{"line":7,"column":26},"end":{"line":7,"column":52}},"3":{"start":{"line":8,"column":4},"end":{"line":18,"column":2}},"4":{"start":{"line":22,"column":18},"end":{"line":22,"column":22}},"5":{"start":{"line":23,"column":4},"end":{"line":28,"column":5}},"6":{"start":{"line":24,"column":8},"end":{"line":26,"column":9}},"7":{"start":{"line":25,"column":12},"end":{"line":25,"column":51}},"8":{"start":{"line":27,"column":8},"end":{"line":27,"column":24}},"9":{"start":{"line":30,"column":4},"end":{"line":32,"column":5}},"10":{"start":{"line":31,"column":8},"end":{"line":31,"column":90}},"11":{"start":{"line":34,"column":4},"end":{"line":36,"column":5}},"12":{"start":{"line":35,"column":8},"end":{"line":35,"column":18}},"13":{"start":{"line":37,"column":4},"end":{"line":41,"column":2}},"14":{"start":{"line":44,"column":31},"end":{"line":48,"column":1}},"15":{"start":{"line":45,"column":15},"end":{"line":45,"column":36}},"16":{"start":{"line":46,"column":22},"end":{"line":46,"column":58}},"17":{"start":{"line":47,"column":4},"end":{"line":47,"column":41}},"18":{"start":{"line":50,"column":32},"end":{"line":53,"column":1}},"19":{"start":{"line":51,"column":21},"end":{"line":51,"column":35}},"20":{"start":{"line":52,"column":4},"end":{"line":52,"column":41}},"21":{"start":{"line":55,"column":30},"end":{"line":55,"column":69}},"22":{"start":{"line":55,"column":48},"end":{"line":55,"column":69}},"23":{"start":{"line":57,"column":40},"end":{"line":66,"column":1}},"24":{"start":{"line":58,"column":4},"end":{"line":60,"column":5}},"25":{"start":{"line":59,"column":8},"end":{"line":59,"column":18}},"26":{"start":{"line":61,"column":18},"end":{"line":61,"column":22}},"27":{"start":{"line":62,"column":4},"end":{"line":64,"column":5}},"28":{"start":{"line":63,"column":8},"end":{"line":63,"column":39}},"29":{"start":{"line":65,"column":4},"end":{"line":65,"column":19}}},"fnMap":{"0":{"name":"buildReleaseNote","decl":{"start":{"line":4,"column":22},"end":{"line":4,"column":38}},"loc":{"start":{"line":4,"column":41},"end":{"line":19,"column":1}},"line":4},"1":{"name":"buildMessage","decl":{"start":{"line":21,"column":22},"end":{"line":21,"column":34}},"loc":{"start":{"line":21,"column":49},"end":{"line":42,"column":1}},"line":21},"2":{"name":"(anonymous_2)","decl":{"start":{"line":44,"column":31},"end":{"line":44,"column":32}},"loc":{"start":{"line":44,"column":46},"end":{"line":48,"column":1}},"line":44},"3":{"name":"(anonymous_3)","decl":{"start":{"line":50,"column":32},"end":{"line":50,"column":33}},"loc":{"start":{"line":50,"column":41},"end":{"line":53,"column":1}},"line":50},"4":{"name":"(anonymous_4)","decl":{"start":{"line":55,"column":30},"end":{"line":55,"column":31}},"loc":{"start":{"line":55,"column":48},"end":{"line":55,"column":69}},"line":55},"5":{"name":"(anonymous_5)","decl":{"start":{"line":57,"column":40},"end":{"line":57,"column":41}},"loc":{"start":{"line":57,"column":46},"end":{"line":66,"column":1}},"line":57}},"branchMap":{"0":{"loc":{"start":{"line":23,"column":4},"end":{"line":28,"column":5}},"type":"if","locations":[{"start":{"line":23,"column":4},"end":{"line":28,"column":5}},{"start":{"line":23,"column":4},"end":{"line":28,"column":5}}],"line":23},"1":{"loc":{"start":{"line":24,"column":8},"end":{"line":26,"column":9}},"type":"if","locations":[{"start":{"line":24,"column":8},"end":{"line":26,"column":9}},{"start":{"line":24,"column":8},"end":{"line":26,"column":9}}],"line":24},"2":{"loc":{"start":{"line":34,"column":4},"end":{"line":36,"column":5}},"type":"if","locations":[{"start":{"line":34,"column":4},"end":{"line":36,"column":5}},{"start":{"line":34,"column":4},"end":{"line":36,"column":5}}],"line":34},"3":{"loc":{"start":{"line":58,"column":4},"end":{"line":60,"column":5}},"type":"if","locations":[{"start":{"line":58,"column":4},"end":{"line":60,"column":5}},{"start":{"line":58,"column":4},"end":{"line":60,"column":5}}],"line":58}},"s":{"0":0,"1":0,"2":0,"3":0,"4":0,"5":0,"6":0,"7":0,"8":0,"9":0,"10":0,"11":0,"12":0,"13":0,"14":1,"15":1,"16":1,"17":1,"18":1,"19":2,"20":2,"21":1,"22":1,"23":1,"24":0,"25":0,"26":0,"27":0,"28":0,"29":0},"f":{"0":0,"1":0,"2":1,"3":2,"4":1,"5":0},"b":{"0":[0,0],"1":[0,0],"2":[0,0],"3":[0,0]},"_coverageSchema":"1a1c01bbd47fc00a2c39e90264f33305004495a9","hash":"2be06c5baa69eeb80756fb631915495485ce8a79"}
}
