TN:
SF:release-notes.js
FNF:0
FNH:0
LF:0
LH:0
BRF:0
BRH:0
end_of_record
TN:
SF:src/constants/index.js
FNF:0
FNH:0
DA:1,1
LF:1
LH:1
BRF:0
BRH:0
end_of_record
TN:
SF:src/services/clickup.js
FN:9,(anonymous_0)
FNF:1
FNH:1
FNDA:1,(anonymous_0)
DA:5,1
DA:6,1
DA:7,1
DA:9,1
DA:10,1
DA:11,1
DA:12,1
DA:14,0
LF:8
LH:7
BRF:0
BRH:0
end_of_record
TN:
SF:src/utils/message-utils.js
FN:4,buildReleaseNote
FN:21,buildMessage
FN:44,(anonymous_2)
FN:50,(anonymous_3)
FN:55,(anonymous_4)
FN:57,(anonymous_5)
FNF:6
FNH:3
FNDA:0,buildReleaseNote
FNDA:0,buildMessage
FNDA:1,(anonymous_2)
FNDA:2,(anonymous_3)
FNDA:1,(anonymous_4)
FNDA:0,(anonymous_5)
DA:5,0
DA:6,0
DA:7,0
DA:8,0
DA:22,0
DA:23,0
DA:24,0
DA:25,0
DA:27,0
DA:30,0
DA:31,0
DA:34,0
DA:35,0
DA:37,0
DA:44,1
DA:45,1
DA:46,1
DA:47,1
DA:50,1
DA:51,2
DA:52,2
DA:55,1
DA:57,1
DA:58,0
DA:59,0
DA:61,0
DA:62,0
DA:63,0
DA:65,0
LF:29
LH:9
BRDA:23,0,0,0
BRDA:23,0,1,0
BRDA:24,1,0,0
BRDA:24,1,1,0
BRDA:34,2,0,0
BRDA:34,2,1,0
BRDA:58,3,0,0
BRDA:58,3,1,0
BRF:8
BRH:0
end_of_record
